Analysis & Synthesis report for uart_tx_rx
Fri Jun 14 22:09:15 2024
Quartus II 64-Bit Version 13.1.0 Build 162 10/23/2013 SJ Web Edition


---------------------
; Table of Contents ;
---------------------
  1. Legal Notice
  2. Analysis & Synthesis Summary
  3. Analysis & Synthesis Settings
  4. Parallel Compilation
  5. Analysis & Synthesis Source Files Read
  6. Analysis & Synthesis Resource Usage Summary
  7. Analysis & Synthesis Resource Utilization by Entity
  8. State Machine - |uart|receiver:uart_Rx|state
  9. State Machine - |uart|transmitter:uart_Tx|state
 10. Registers Removed During Synthesis
 11. General Register Statistics
 12. Inverted Register Statistics
 13. Multiplexer Restructuring Statistics (Restructuring Performed)
 14. Parameter Settings for User Entity Instance: baudrate:uart_baud
 15. Parameter Settings for User Entity Instance: transmitter:uart_Tx
 16. Parameter Settings for User Entity Instance: receiver:uart_Rx
 17. Parameter Settings for Inferred Entity Instance: lpm_divide:Div0
 18. Parameter Settings for Inferred Entity Instance: lpm_divide:Mod0
 19. Parameter Settings for Inferred Entity Instance: lpm_divide:Div1
 20. Parameter Settings for Inferred Entity Instance: lpm_divide:Mod1
 21. Elapsed Time Per Partition
 22. Analysis & Synthesis Messages



----------------
; Legal Notice ;
----------------
Copyright (C) 1991-2013 Altera Corporation
Your use of Altera Corporation's design tools, logic functions 
and other software and tools, and its AMPP partner logic 
functions, and any output files from any of the foregoing 
(including device programming or simulation files), and any 
associated documentation or information are expressly subject 
to the terms and conditions of the Altera Program License 
Subscription Agreement, Altera MegaCore Function License 
Agreement, or other applicable license agreement, including, 
without limitation, that your use is for the sole purpose of 
programming logic devices manufactured by Altera and sold by 
Altera or its authorized distributors.  Please refer to the 
applicable agreement for further details.



+---------------------------------------------------------------------------------+
; Analysis & Synthesis Summary                                                    ;
+------------------------------------+--------------------------------------------+
; Analysis & Synthesis Status        ; Successful - Fri Jun 14 22:09:15 2024      ;
; Quartus II 64-Bit Version          ; 13.1.0 Build 162 10/23/2013 SJ Web Edition ;
; Revision Name                      ; uart_tx_rx                                 ;
; Top-level Entity Name              ; uart                                       ;
; Family                             ; Cyclone IV E                               ;
; Total logic elements               ; 305                                        ;
;     Total combinational functions  ; 288                                        ;
;     Dedicated logic registers      ; 58                                         ;
; Total registers                    ; 58                                         ;
; Total pins                         ; 55                                         ;
; Total virtual pins                 ; 0                                          ;
; Total memory bits                  ; 0                                          ;
; Embedded Multiplier 9-bit elements ; 0                                          ;
; Total PLLs                         ; 0                                          ;
+------------------------------------+--------------------------------------------+


+----------------------------------------------------------------------------------------------------------------------+
; Analysis & Synthesis Settings                                                                                        ;
+----------------------------------------------------------------------------+--------------------+--------------------+
; Option                                                                     ; Setting            ; Default Value      ;
+----------------------------------------------------------------------------+--------------------+--------------------+
; Device                                                                     ; EP4CE22F17C6       ;                    ;
; Top-level entity name                                                      ; uart               ; uart_tx_rx         ;
; Family name                                                                ; Cyclone IV E       ; Cyclone IV GX      ;
; Use smart compilation                                                      ; Off                ; Off                ;
; Enable parallel Assembler and TimeQuest Timing Analyzer during compilation ; On                 ; On                 ;
; Enable compact report table                                                ; Off                ; Off                ;
; Restructure Multiplexers                                                   ; Auto               ; Auto               ;
; Create Debugging Nodes for IP Cores                                        ; Off                ; Off                ;
; Preserve fewer node names                                                  ; On                 ; On                 ;
; Disable OpenCore Plus hardware evaluation                                  ; Off                ; Off                ;
; Verilog Version                                                            ; Verilog_2001       ; Verilog_2001       ;
; VHDL Version                                                               ; VHDL_1993          ; VHDL_1993          ;
; State Machine Processing                                                   ; Auto               ; Auto               ;
; Safe State Machine                                                         ; Off                ; Off                ;
; Extract Verilog State Machines                                             ; On                 ; On                 ;
; Extract VHDL State Machines                                                ; On                 ; On                 ;
; Ignore Verilog initial constructs                                          ; Off                ; Off                ;
; Iteration limit for constant Verilog loops                                 ; 5000               ; 5000               ;
; Iteration limit for non-constant Verilog loops                             ; 250                ; 250                ;
; Add Pass-Through Logic to Inferred RAMs                                    ; On                 ; On                 ;
; Infer RAMs from Raw Logic                                                  ; On                 ; On                 ;
; Parallel Synthesis                                                         ; On                 ; On                 ;
; DSP Block Balancing                                                        ; Auto               ; Auto               ;
; NOT Gate Push-Back                                                         ; On                 ; On                 ;
; Power-Up Don't Care                                                        ; On                 ; On                 ;
; Remove Redundant Logic Cells                                               ; Off                ; Off                ;
; Remove Duplicate Registers                                                 ; On                 ; On                 ;
; Ignore CARRY Buffers                                                       ; Off                ; Off                ;
; Ignore CASCADE Buffers                                                     ; Off                ; Off                ;
; Ignore GLOBAL Buffers                                                      ; Off                ; Off                ;
; Ignore ROW GLOBAL Buffers                                                  ; Off                ; Off                ;
; Ignore LCELL Buffers                                                       ; Off                ; Off                ;
; Ignore SOFT Buffers                                                        ; On                 ; On                 ;
; Limit AHDL Integers to 32 Bits                                             ; Off                ; Off                ;
; Optimization Technique                                                     ; Balanced           ; Balanced           ;
; Carry Chain Length                                                         ; 70                 ; 70                 ;
; Auto Carry Chains                                                          ; On                 ; On                 ;
; Auto Open-Drain Pins                                                       ; On                 ; On                 ;
; Perform WYSIWYG Primitive Resynthesis                                      ; Off                ; Off                ;
; Auto ROM Replacement                                                       ; On                 ; On                 ;
; Auto RAM Replacement                                                       ; On                 ; On                 ;
; Auto DSP Block Replacement                                                 ; On                 ; On                 ;
; Auto Shift Register Replacement                                            ; Auto               ; Auto               ;
; Allow Shift Register Merging across Hierarchies                            ; Auto               ; Auto               ;
; Auto Clock Enable Replacement                                              ; On                 ; On                 ;
; Strict RAM Replacement                                                     ; Off                ; Off                ;
; Allow Synchronous Control Signals                                          ; On                 ; On                 ;
; Force Use of Synchronous Clear Signals                                     ; Off                ; Off                ;
; Auto RAM Block Balancing                                                   ; On                 ; On                 ;
; Auto RAM to Logic Cell Conversion                                          ; Off                ; Off                ;
; Auto Resource Sharing                                                      ; Off                ; Off                ;
; Allow Any RAM Size For Recognition                                         ; Off                ; Off                ;
; Allow Any ROM Size For Recognition                                         ; Off                ; Off                ;
; Allow Any Shift Register Size For Recognition                              ; Off                ; Off                ;
; Use LogicLock Constraints during Resource Balancing                        ; On                 ; On                 ;
; Ignore translate_off and synthesis_off directives                          ; Off                ; Off                ;
; Timing-Driven Synthesis                                                    ; On                 ; On                 ;
; Report Parameter Settings                                                  ; On                 ; On                 ;
; Report Source Assignments                                                  ; On                 ; On                 ;
; Report Connectivity Checks                                                 ; On                 ; On                 ;
; Ignore Maximum Fan-Out Assignments                                         ; Off                ; Off                ;
; Synchronization Register Chain Length                                      ; 2                  ; 2                  ;
; PowerPlay Power Optimization                                               ; Normal compilation ; Normal compilation ;
; HDL message level                                                          ; Level2             ; Level2             ;
; Suppress Register Optimization Related Messages                            ; Off                ; Off                ;
; Number of Removed Registers Reported in Synthesis Report                   ; 5000               ; 5000               ;
; Number of Swept Nodes Reported in Synthesis Report                         ; 5000               ; 5000               ;
; Number of Inverted Registers Reported in Synthesis Report                  ; 100                ; 100                ;
; Clock MUX Protection                                                       ; On                 ; On                 ;
; Auto Gated Clock Conversion                                                ; Off                ; Off                ;
; Block Design Naming                                                        ; Auto               ; Auto               ;
; SDC constraint protection                                                  ; Off                ; Off                ;
; Synthesis Effort                                                           ; Auto               ; Auto               ;
; Shift Register Replacement - Allow Asynchronous Clear Signal               ; On                 ; On                 ;
; Pre-Mapping Resynthesis Optimization                                       ; Off                ; Off                ;
; Analysis & Synthesis Message Level                                         ; Medium             ; Medium             ;
; Disable Register Merging Across Hierarchies                                ; Auto               ; Auto               ;
; Resource Aware Inference For Block RAM                                     ; On                 ; On                 ;
; Synthesis Seed                                                             ; 1                  ; 1                  ;
+----------------------------------------------------------------------------+--------------------+--------------------+


+------------------------------------------+
; Parallel Compilation                     ;
+----------------------------+-------------+
; Processors                 ; Number      ;
+----------------------------+-------------+
; Number detected on machine ; 8           ;
; Maximum allowed            ; 4           ;
;                            ;             ;
; Average used               ; 1.00        ;
; Maximum used               ; 1           ;
;                            ;             ;
; Usage by Processor         ; % Time Used ;
;     Processor 1            ; 100.0%      ;
;     Processors 2-8         ;   0.0%      ;
+----------------------------+-------------+


+-----------------------------------------------------------------------------------------------------------------------------------------------------------------------------------------------------------------------------------------------------------+
; Analysis & Synthesis Source Files Read                                                                                                                                                                                                                    ;
+----------------------------------+-----------------+------------------------------+-------------------------------------------------------------------------------------------------------------------------------------------------------------+---------+
; File Name with User-Entered Path ; Used in Netlist ; File Type                    ; File Name with Absolute Path                                                                                                                                ; Library ;
+----------------------------------+-----------------+------------------------------+-------------------------------------------------------------------------------------------------------------------------------------------------------------+---------+
; baudrate.v                       ; yes             ; User Verilog HDL File        ; C:/Users/HP/Desktop/_Sem 4/2_Electronic Circuit Design/FPGA/_Final_/git/fpga/UART-using-Verilog/UART using verilog with FPGA 2nd/baudrate.v                 ;         ;
; uart.v                           ; yes             ; User Verilog HDL File        ; C:/Users/HP/Desktop/_Sem 4/2_Electronic Circuit Design/FPGA/_Final_/git/fpga/UART-using-Verilog/UART using verilog with FPGA 2nd/uart.v                     ;         ;
; transmitter.v                    ; yes             ; User Verilog HDL File        ; C:/Users/HP/Desktop/_Sem 4/2_Electronic Circuit Design/FPGA/_Final_/git/fpga/UART-using-Verilog/UART using verilog with FPGA 2nd/transmitter.v              ;         ;
; receiver.v                       ; yes             ; User Verilog HDL File        ; C:/Users/HP/Desktop/_Sem 4/2_Electronic Circuit Design/FPGA/_Final_/git/fpga/UART-using-Verilog/UART using verilog with FPGA 2nd/receiver.v                 ;         ;
; seven_segment_decoder.v          ; yes             ; User Verilog HDL File        ; C:/Users/HP/Desktop/_Sem 4/2_Electronic Circuit Design/FPGA/_Final_/git/fpga/UART-using-Verilog/UART using verilog with FPGA 2nd/seven_segment_decoder.v    ;         ;
; lpm_divide.tdf                   ; yes             ; Megafunction                 ; c:/altera/13.1/quartus/libraries/megafunctions/lpm_divide.tdf                                                                                               ;         ;
; abs_divider.inc                  ; yes             ; Megafunction                 ; c:/altera/13.1/quartus/libraries/megafunctions/abs_divider.inc                                                                                              ;         ;
; sign_div_unsign.inc              ; yes             ; Megafunction                 ; c:/altera/13.1/quartus/libraries/megafunctions/sign_div_unsign.inc                                                                                          ;         ;
; aglobal131.inc                   ; yes             ; Megafunction                 ; c:/altera/13.1/quartus/libraries/megafunctions/aglobal131.inc                                                                                               ;         ;
; db/lpm_divide_mhm.tdf            ; yes             ; Auto-Generated Megafunction  ; C:/Users/HP/Desktop/_Sem 4/2_Electronic Circuit Design/FPGA/_Final_/git/fpga/UART-using-Verilog/UART using verilog with FPGA 2nd/db/lpm_divide_mhm.tdf      ;         ;
; db/sign_div_unsign_ekh.tdf       ; yes             ; Auto-Generated Megafunction  ; C:/Users/HP/Desktop/_Sem 4/2_Electronic Circuit Design/FPGA/_Final_/git/fpga/UART-using-Verilog/UART using verilog with FPGA 2nd/db/sign_div_unsign_ekh.tdf ;         ;
; db/alt_u_div_g4f.tdf             ; yes             ; Auto-Generated Megafunction  ; C:/Users/HP/Desktop/_Sem 4/2_Electronic Circuit Design/FPGA/_Final_/git/fpga/UART-using-Verilog/UART using verilog with FPGA 2nd/db/alt_u_div_g4f.tdf       ;         ;
; db/add_sub_7pc.tdf               ; yes             ; Auto-Generated Megafunction  ; C:/Users/HP/Desktop/_Sem 4/2_Electronic Circuit Design/FPGA/_Final_/git/fpga/UART-using-Verilog/UART using verilog with FPGA 2nd/db/add_sub_7pc.tdf         ;         ;
; db/add_sub_8pc.tdf               ; yes             ; Auto-Generated Megafunction  ; C:/Users/HP/Desktop/_Sem 4/2_Electronic Circuit Design/FPGA/_Final_/git/fpga/UART-using-Verilog/UART using verilog with FPGA 2nd/db/add_sub_8pc.tdf         ;         ;
; db/lpm_divide_p9m.tdf            ; yes             ; Auto-Generated Megafunction  ; C:/Users/HP/Desktop/_Sem 4/2_Electronic Circuit Design/FPGA/_Final_/git/fpga/UART-using-Verilog/UART using verilog with FPGA 2nd/db/lpm_divide_p9m.tdf      ;         ;
; db/lpm_divide_ihm.tdf            ; yes             ; Auto-Generated Megafunction  ; C:/Users/HP/Desktop/_Sem 4/2_Electronic Circuit Design/FPGA/_Final_/git/fpga/UART-using-Verilog/UART using verilog with FPGA 2nd/db/lpm_divide_ihm.tdf      ;         ;
; db/sign_div_unsign_akh.tdf       ; yes             ; Auto-Generated Megafunction  ; C:/Users/HP/Desktop/_Sem 4/2_Electronic Circuit Design/FPGA/_Final_/git/fpga/UART-using-Verilog/UART using verilog with FPGA 2nd/db/sign_div_unsign_akh.tdf ;         ;
; db/alt_u_div_84f.tdf             ; yes             ; Auto-Generated Megafunction  ; C:/Users/HP/Desktop/_Sem 4/2_Electronic Circuit Design/FPGA/_Final_/git/fpga/UART-using-Verilog/UART using verilog with FPGA 2nd/db/alt_u_div_84f.tdf       ;         ;
; db/lpm_divide_m9m.tdf            ; yes             ; Auto-Generated Megafunction  ; C:/Users/HP/Desktop/_Sem 4/2_Electronic Circuit Design/FPGA/_Final_/git/fpga/UART-using-Verilog/UART using verilog with FPGA 2nd/db/lpm_divide_m9m.tdf      ;         ;
; db/sign_div_unsign_bkh.tdf       ; yes             ; Auto-Generated Megafunction  ; C:/Users/HP/Desktop/_Sem 4/2_Electronic Circuit Design/FPGA/_Final_/git/fpga/UART-using-Verilog/UART using verilog with FPGA 2nd/db/sign_div_unsign_bkh.tdf ;         ;
; db/alt_u_div_a4f.tdf             ; yes             ; Auto-Generated Megafunction  ; C:/Users/HP/Desktop/_Sem 4/2_Electronic Circuit Design/FPGA/_Final_/git/fpga/UART-using-Verilog/UART using verilog with FPGA 2nd/db/alt_u_div_a4f.tdf       ;         ;
+----------------------------------+-----------------+------------------------------+-------------------------------------------------------------------------------------------------------------------------------------------------------------+---------+


+-------------------------------------------------------------+
; Analysis & Synthesis Resource Usage Summary                 ;
+---------------------------------------------+---------------+
; Resource                                    ; Usage         ;
+---------------------------------------------+---------------+
; Estimated Total logic elements              ; 305           ;
;                                             ;               ;
; Total combinational functions               ; 288           ;
; Logic element usage by number of LUT inputs ;               ;
;     -- 4 input functions                    ; 104           ;
;     -- 3 input functions                    ; 57            ;
;     -- <=2 input functions                  ; 127           ;
;                                             ;               ;
; Logic elements by mode                      ;               ;
;     -- normal mode                          ; 220           ;
;     -- arithmetic mode                      ; 68            ;
;                                             ;               ;
; Total registers                             ; 58            ;
;     -- Dedicated logic registers            ; 58            ;
;     -- I/O registers                        ; 0             ;
;                                             ;               ;
; I/O pins                                    ; 55            ;
; Embedded Multiplier 9-bit elements          ; 0             ;
; Maximum fan-out node                        ; clk_50m~input ;
; Maximum fan-out                             ; 58            ;
; Total fan-out                               ; 1051          ;
; Average fan-out                             ; 2.30          ;
+---------------------------------------------+---------------+


+----------------------------------------------------------------------------------------------------------------------------------------------------------------------------------------------------------------------------------------------------------------------------+
; Analysis & Synthesis Resource Utilization by Entity                                                                                                                                                                                                                        ;
+-----------------------------------------+-------------------+--------------+-------------+--------------+---------+-----------+------+--------------+-------------------------------------------------------------------------------------------------------+--------------+
; Compilation Hierarchy Node              ; LC Combinationals ; LC Registers ; Memory Bits ; DSP Elements ; DSP 9x9 ; DSP 18x18 ; Pins ; Virtual Pins ; Full Hierarchy Name                                                                                   ; Library Name ;
+-----------------------------------------+-------------------+--------------+-------------+--------------+---------+-----------+------+--------------+-------------------------------------------------------------------------------------------------------+--------------+
; |uart                                   ; 288 (0)           ; 58 (0)       ; 0           ; 0            ; 0       ; 0         ; 55   ; 0            ; |uart                                                                                                 ; work         ;
;    |baudrate:uart_baud|                 ; 28 (28)           ; 14 (14)      ; 0           ; 0            ; 0       ; 0         ; 0    ; 0            ; |uart|baudrate:uart_baud                                                                              ; work         ;
;    |lpm_divide:Div0|                    ; 25 (0)            ; 0 (0)        ; 0           ; 0            ; 0       ; 0         ; 0    ; 0            ; |uart|lpm_divide:Div0                                                                                 ; work         ;
;       |lpm_divide_mhm:auto_generated|   ; 25 (0)            ; 0 (0)        ; 0           ; 0            ; 0       ; 0         ; 0    ; 0            ; |uart|lpm_divide:Div0|lpm_divide_mhm:auto_generated                                                   ; work         ;
;          |sign_div_unsign_ekh:divider|  ; 25 (0)            ; 0 (0)        ; 0           ; 0            ; 0       ; 0         ; 0    ; 0            ; |uart|lpm_divide:Div0|lpm_divide_mhm:auto_generated|sign_div_unsign_ekh:divider                       ; work         ;
;             |alt_u_div_g4f:divider|     ; 25 (25)           ; 0 (0)        ; 0           ; 0            ; 0       ; 0         ; 0    ; 0            ; |uart|lpm_divide:Div0|lpm_divide_mhm:auto_generated|sign_div_unsign_ekh:divider|alt_u_div_g4f:divider ; work         ;
;    |lpm_divide:Div1|                    ; 46 (0)            ; 0 (0)        ; 0           ; 0            ; 0       ; 0         ; 0    ; 0            ; |uart|lpm_divide:Div1                                                                                 ; work         ;
;       |lpm_divide_ihm:auto_generated|   ; 46 (0)            ; 0 (0)        ; 0           ; 0            ; 0       ; 0         ; 0    ; 0            ; |uart|lpm_divide:Div1|lpm_divide_ihm:auto_generated                                                   ; work         ;
;          |sign_div_unsign_akh:divider|  ; 46 (0)            ; 0 (0)        ; 0           ; 0            ; 0       ; 0         ; 0    ; 0            ; |uart|lpm_divide:Div1|lpm_divide_ihm:auto_generated|sign_div_unsign_akh:divider                       ; work         ;
;             |alt_u_div_84f:divider|     ; 46 (46)           ; 0 (0)        ; 0           ; 0            ; 0       ; 0         ; 0    ; 0            ; |uart|lpm_divide:Div1|lpm_divide_ihm:auto_generated|sign_div_unsign_akh:divider|alt_u_div_84f:divider ; work         ;
;    |lpm_divide:Mod0|                    ; 40 (0)            ; 0 (0)        ; 0           ; 0            ; 0       ; 0         ; 0    ; 0            ; |uart|lpm_divide:Mod0                                                                                 ; work         ;
;       |lpm_divide_p9m:auto_generated|   ; 40 (0)            ; 0 (0)        ; 0           ; 0            ; 0       ; 0         ; 0    ; 0            ; |uart|lpm_divide:Mod0|lpm_divide_p9m:auto_generated                                                   ; work         ;
;          |sign_div_unsign_ekh:divider|  ; 40 (0)            ; 0 (0)        ; 0           ; 0            ; 0       ; 0         ; 0    ; 0            ; |uart|lpm_divide:Mod0|lpm_divide_p9m:auto_generated|sign_div_unsign_ekh:divider                       ; work         ;
;             |alt_u_div_g4f:divider|     ; 40 (40)           ; 0 (0)        ; 0           ; 0            ; 0       ; 0         ; 0    ; 0            ; |uart|lpm_divide:Mod0|lpm_divide_p9m:auto_generated|sign_div_unsign_ekh:divider|alt_u_div_g4f:divider ; work         ;
;    |lpm_divide:Mod1|                    ; 59 (0)            ; 0 (0)        ; 0           ; 0            ; 0       ; 0         ; 0    ; 0            ; |uart|lpm_divide:Mod1                                                                                 ; work         ;
;       |lpm_divide_m9m:auto_generated|   ; 59 (0)            ; 0 (0)        ; 0           ; 0            ; 0       ; 0         ; 0    ; 0            ; |uart|lpm_divide:Mod1|lpm_divide_m9m:auto_generated                                                   ; work         ;
;          |sign_div_unsign_bkh:divider|  ; 59 (0)            ; 0 (0)        ; 0           ; 0            ; 0       ; 0         ; 0    ; 0            ; |uart|lpm_divide:Mod1|lpm_divide_m9m:auto_generated|sign_div_unsign_bkh:divider                       ; work         ;
;             |alt_u_div_a4f:divider|     ; 59 (59)           ; 0 (0)        ; 0           ; 0            ; 0       ; 0         ; 0    ; 0            ; |uart|lpm_divide:Mod1|lpm_divide_m9m:auto_generated|sign_div_unsign_bkh:divider|alt_u_div_a4f:divider ; work         ;
;    |receiver:uart_Rx|                   ; 53 (53)           ; 28 (28)      ; 0           ; 0            ; 0       ; 0         ; 0    ; 0            ; |uart|receiver:uart_Rx                                                                                ; work         ;
;    |seven_segment_decoder:ssd_hundreds| ; 3 (3)             ; 0 (0)        ; 0           ; 0            ; 0       ; 0         ; 0    ; 0            ; |uart|seven_segment_decoder:ssd_hundreds                                                              ; work         ;
;    |seven_segment_decoder:ssd_tens|     ; 7 (7)             ; 0 (0)        ; 0           ; 0            ; 0       ; 0         ; 0    ; 0            ; |uart|seven_segment_decoder:ssd_tens                                                                  ; work         ;
;    |seven_segment_decoder:ssd_units|    ; 7 (7)             ; 0 (0)        ; 0           ; 0            ; 0       ; 0         ; 0    ; 0            ; |uart|seven_segment_decoder:ssd_units                                                                 ; work         ;
;    |transmitter:uart_Tx|                ; 20 (20)           ; 16 (16)      ; 0           ; 0            ; 0       ; 0         ; 0    ; 0            ; |uart|transmitter:uart_Tx                                                                             ; work         ;
+-----------------------------------------+-------------------+--------------+-------------+--------------+---------+-----------+------+--------------+-------------------------------------------------------------------------------------------------------+--------------+
Note: For table entries with two numbers listed, the numbers in parentheses indicate the number of resources of the given type used by the specific entity alone. The numbers listed outside of parentheses indicate the total resources of the given type used by the specific entity and all of its sub-entities in the hierarchy.


Encoding Type:  One-Hot
+-----------------------------------------------------------------------------------------+
; State Machine - |uart|receiver:uart_Rx|state                                            ;
+----------------------+----------------------+---------------------+---------------------+
; Name                 ; state.RX_STATE_START ; state.RX_STATE_STOP ; state.RX_STATE_DATA ;
+----------------------+----------------------+---------------------+---------------------+
; state.RX_STATE_START ; 0                    ; 0                   ; 0                   ;
; state.RX_STATE_DATA  ; 1                    ; 0                   ; 1                   ;
; state.RX_STATE_STOP  ; 1                    ; 1                   ; 0                   ;
+----------------------+----------------------+---------------------+---------------------+


Encoding Type:  One-Hot
+---------------------------------------------------------------------------------------------------------------+
; State Machine - |uart|transmitter:uart_Tx|state                                                               ;
+----------------------+---------------------+---------------------+----------------------+---------------------+
; Name                 ; state.TX_STATE_STOP ; state.TX_STATE_DATA ; state.TX_STATE_START ; state.TX_STATE_IDLE ;
+----------------------+---------------------+---------------------+----------------------+---------------------+
; state.TX_STATE_IDLE  ; 0                   ; 0                   ; 0                    ; 0                   ;
; state.TX_STATE_START ; 0                   ; 0                   ; 1                    ; 1                   ;
; state.TX_STATE_DATA  ; 0                   ; 1                   ; 0                    ; 1                   ;
; state.TX_STATE_STOP  ; 1                   ; 0                   ; 0                    ; 1                   ;
+----------------------+---------------------+---------------------+----------------------+---------------------+


+------------------------------------------------------------+
; Registers Removed During Synthesis                         ;
+---------------------------------------+--------------------+
; Register name                         ; Reason for Removal ;
+---------------------------------------+--------------------+
; transmitter:uart_Tx|state~5           ; Lost fanout        ;
; transmitter:uart_Tx|state~6           ; Lost fanout        ;
; Total Number of Removed Registers = 2 ;                    ;
+---------------------------------------+--------------------+


+------------------------------------------------------+
; General Register Statistics                          ;
+----------------------------------------------+-------+
; Statistic                                    ; Value ;
+----------------------------------------------+-------+
; Total registers                              ; 58    ;
; Number of registers using Synchronous Clear  ; 3     ;
; Number of registers using Synchronous Load   ; 0     ;
; Number of registers using Asynchronous Clear ; 0     ;
; Number of registers using Asynchronous Load  ; 0     ;
; Number of registers using Clock Enable       ; 26    ;
; Number of registers using Preset             ; 0     ;
+----------------------------------------------+-------+


+--------------------------------------------------+
; Inverted Register Statistics                     ;
+----------------------------------------+---------+
; Inverted Register                      ; Fan out ;
+----------------------------------------+---------+
; transmitter:uart_Tx|Tx                 ; 3       ;
; Total number of inverted registers = 1 ;         ;
+----------------------------------------+---------+


+----------------------------------------------------------------------------------------------------------------------------------------------------+
; Multiplexer Restructuring Statistics (Restructuring Performed)                                                                                     ;
+--------------------+-----------+---------------+----------------------+------------------------+------------+--------------------------------------+
; Multiplexer Inputs ; Bus Width ; Baseline Area ; Area if Restructured ; Saving if Restructured ; Registered ; Example Multiplexer Output           ;
+--------------------+-----------+---------------+----------------------+------------------------+------------+--------------------------------------+
; 5:1                ; 3 bits    ; 9 LEs         ; 3 LEs                ; 6 LEs                  ; Yes        ; |uart|transmitter:uart_Tx|bit_pos[0] ;
; 5:1                ; 4 bits    ; 12 LEs        ; 4 LEs                ; 8 LEs                  ; Yes        ; |uart|receiver:uart_Rx|bit_pos[3]    ;
; 6:1                ; 4 bits    ; 16 LEs        ; 4 LEs                ; 12 LEs                 ; Yes        ; |uart|receiver:uart_Rx|sample[1]     ;
; 7:1                ; 3 bits    ; 12 LEs        ; 6 LEs                ; 6 LEs                  ; No         ; |uart|receiver:uart_Rx|state         ;
; 7:1                ; 2 bits    ; 8 LEs         ; 4 LEs                ; 4 LEs                  ; No         ; |uart|transmitter:uart_Tx|Selector3  ;
; 9:1                ; 2 bits    ; 12 LEs        ; 4 LEs                ; 8 LEs                  ; No         ; |uart|transmitter:uart_Tx|Selector2  ;
+--------------------+-----------+---------------+----------------------+------------------------+------------+--------------------------------------+


+-----------------------------------------------------------------+
; Parameter Settings for User Entity Instance: baudrate:uart_baud ;
+----------------+-------+----------------------------------------+
; Parameter Name ; Value ; Type                                   ;
+----------------+-------+----------------------------------------+
; RX_ACC_MAX     ; 27    ; Signed Integer                         ;
; TX_ACC_MAX     ; 434   ; Signed Integer                         ;
; RX_ACC_WIDTH   ; 5     ; Signed Integer                         ;
; TX_ACC_WIDTH   ; 9     ; Signed Integer                         ;
+----------------+-------+----------------------------------------+
Note: In order to hide this table in the UI and the text report file, please set the "Show Parameter Settings in Synthesis Report" option in "Analysis and Synthesis Settings -> More Settings" to "Off".


+------------------------------------------------------------------+
; Parameter Settings for User Entity Instance: transmitter:uart_Tx ;
+----------------+-------+-----------------------------------------+
; Parameter Name ; Value ; Type                                    ;
+----------------+-------+-----------------------------------------+
; TX_STATE_IDLE  ; 00    ; Unsigned Binary                         ;
; TX_STATE_START ; 01    ; Unsigned Binary                         ;
; TX_STATE_DATA  ; 10    ; Unsigned Binary                         ;
; TX_STATE_STOP  ; 11    ; Unsigned Binary                         ;
+----------------+-------+-----------------------------------------+
Note: In order to hide this table in the UI and the text report file, please set the "Show Parameter Settings in Synthesis Report" option in "Analysis and Synthesis Settings -> More Settings" to "Off".


+---------------------------------------------------------------+
; Parameter Settings for User Entity Instance: receiver:uart_Rx ;
+----------------+-------+--------------------------------------+
; Parameter Name ; Value ; Type                                 ;
+----------------+-------+--------------------------------------+
; RX_STATE_START ; 00    ; Unsigned Binary                      ;
; RX_STATE_DATA  ; 01    ; Unsigned Binary                      ;
; RX_STATE_STOP  ; 10    ; Unsigned Binary                      ;
+----------------+-------+--------------------------------------+
Note: In order to hide this table in the UI and the text report file, please set the "Show Parameter Settings in Synthesis Report" option in "Analysis and Synthesis Settings -> More Settings" to "Off".


+------------------------------------------------------------------+
; Parameter Settings for Inferred Entity Instance: lpm_divide:Div0 ;
+------------------------+----------------+------------------------+
; Parameter Name         ; Value          ; Type                   ;
+------------------------+----------------+------------------------+
; LPM_WIDTHN             ; 8              ; Untyped                ;
; LPM_WIDTHD             ; 7              ; Untyped                ;
; LPM_NREPRESENTATION    ; UNSIGNED       ; Untyped                ;
; LPM_DREPRESENTATION    ; UNSIGNED       ; Untyped                ;
; LPM_PIPELINE           ; 0              ; Untyped                ;
; LPM_REMAINDERPOSITIVE  ; TRUE           ; Untyped                ;
; MAXIMIZE_SPEED         ; 5              ; Untyped                ;
; CBXI_PARAMETER         ; lpm_divide_mhm ; Untyped                ;
; CARRY_CHAIN            ; MANUAL         ; Untyped                ;
; OPTIMIZE_FOR_SPEED     ; 5              ; Untyped                ;
; AUTO_CARRY_CHAINS      ; ON             ; AUTO_CARRY             ;
; IGNORE_CARRY_BUFFERS   ; OFF            ; IGNORE_CARRY           ;
; AUTO_CASCADE_CHAINS    ; ON             ; AUTO_CASCADE           ;
; IGNORE_CASCADE_BUFFERS ; OFF            ; IGNORE_CASCADE         ;
+------------------------+----------------+------------------------+
Note: In order to hide this table in the UI and the text report file, please set the "Show Parameter Settings in Synthesis Report" option in "Analysis and Synthesis Settings -> More Settings" to "Off".


+------------------------------------------------------------------+
; Parameter Settings for Inferred Entity Instance: lpm_divide:Mod0 ;
+------------------------+----------------+------------------------+
; Parameter Name         ; Value          ; Type                   ;
+------------------------+----------------+------------------------+
; LPM_WIDTHN             ; 8              ; Untyped                ;
; LPM_WIDTHD             ; 7              ; Untyped                ;
; LPM_NREPRESENTATION    ; UNSIGNED       ; Untyped                ;
; LPM_DREPRESENTATION    ; UNSIGNED       ; Untyped                ;
; LPM_PIPELINE           ; 0              ; Untyped                ;
; LPM_REMAINDERPOSITIVE  ; TRUE           ; Untyped                ;
; MAXIMIZE_SPEED         ; 5              ; Untyped                ;
; CBXI_PARAMETER         ; lpm_divide_p9m ; Untyped                ;
; CARRY_CHAIN            ; MANUAL         ; Untyped                ;
; OPTIMIZE_FOR_SPEED     ; 5              ; Untyped                ;
; AUTO_CARRY_CHAINS      ; ON             ; AUTO_CARRY             ;
; IGNORE_CARRY_BUFFERS   ; OFF            ; IGNORE_CARRY           ;
; AUTO_CASCADE_CHAINS    ; ON             ; AUTO_CASCADE           ;
; IGNORE_CASCADE_BUFFERS ; OFF            ; IGNORE_CASCADE         ;
+------------------------+----------------+------------------------+
Note: In order to hide this table in the UI and the text report file, please set the "Show Parameter Settings in Synthesis Report" option in "Analysis and Synthesis Settings -> More Settings" to "Off".


+------------------------------------------------------------------+
; Parameter Settings for Inferred Entity Instance: lpm_divide:Div1 ;
+------------------------+----------------+------------------------+
; Parameter Name         ; Value          ; Type                   ;
+------------------------+----------------+------------------------+
; LPM_WIDTHN             ; 7              ; Untyped                ;
; LPM_WIDTHD             ; 4              ; Untyped                ;
; LPM_NREPRESENTATION    ; UNSIGNED       ; Untyped                ;
; LPM_DREPRESENTATION    ; UNSIGNED       ; Untyped                ;
; LPM_PIPELINE           ; 0              ; Untyped                ;
; LPM_REMAINDERPOSITIVE  ; TRUE           ; Untyped                ;
; MAXIMIZE_SPEED         ; 5              ; Untyped                ;
; CBXI_PARAMETER         ; lpm_divide_ihm ; Untyped                ;
; CARRY_CHAIN            ; MANUAL         ; Untyped                ;
; OPTIMIZE_FOR_SPEED     ; 5              ; Untyped                ;
; AUTO_CARRY_CHAINS      ; ON             ; AUTO_CARRY             ;
; IGNORE_CARRY_BUFFERS   ; OFF            ; IGNORE_CARRY           ;
; AUTO_CASCADE_CHAINS    ; ON             ; AUTO_CASCADE           ;
; IGNORE_CASCADE_BUFFERS ; OFF            ; IGNORE_CASCADE         ;
+------------------------+----------------+------------------------+
Note: In order to hide this table in the UI and the text report file, please set the "Show Parameter Settings in Synthesis Report" option in "Analysis and Synthesis Settings -> More Settings" to "Off".


+------------------------------------------------------------------+
; Parameter Settings for Inferred Entity Instance: lpm_divide:Mod1 ;
+------------------------+----------------+------------------------+
; Parameter Name         ; Value          ; Type                   ;
+------------------------+----------------+------------------------+
; LPM_WIDTHN             ; 8              ; Untyped                ;
; LPM_WIDTHD             ; 4              ; Untyped                ;
; LPM_NREPRESENTATION    ; UNSIGNED       ; Untyped                ;
; LPM_DREPRESENTATION    ; UNSIGNED       ; Untyped                ;
; LPM_PIPELINE           ; 0              ; Untyped                ;
; LPM_REMAINDERPOSITIVE  ; TRUE           ; Untyped                ;
; MAXIMIZE_SPEED         ; 5              ; Untyped                ;
; CBXI_PARAMETER         ; lpm_divide_m9m ; Untyped                ;
; CARRY_CHAIN            ; MANUAL         ; Untyped                ;
; OPTIMIZE_FOR_SPEED     ; 5              ; Untyped                ;
; AUTO_CARRY_CHAINS      ; ON             ; AUTO_CARRY             ;
; IGNORE_CARRY_BUFFERS   ; OFF            ; IGNORE_CARRY           ;
; AUTO_CASCADE_CHAINS    ; ON             ; AUTO_CASCADE           ;
; IGNORE_CASCADE_BUFFERS ; OFF            ; IGNORE_CASCADE         ;
+------------------------+----------------+------------------------+
Note: In order to hide this table in the UI and the text report file, please set the "Show Parameter Settings in Synthesis Report" option in "Analysis and Synthesis Settings -> More Settings" to "Off".


+-------------------------------+
; Elapsed Time Per Partition    ;
+----------------+--------------+
; Partition Name ; Elapsed Time ;
+----------------+--------------+
; Top            ; 00:00:01     ;
+----------------+--------------+


+-------------------------------+
; Analysis & Synthesis Messages ;
+-------------------------------+
Info: *******************************************************************
Info: Running Quartus II 64-Bit Analysis & Synthesis
    Info: Version 13.1.0 Build 162 10/23/2013 SJ Web Edition
    Info: Processing started: Fri Jun 14 22:09:13 2024
Info: Command: quartus_map --read_settings_files=on --write_settings_files=off uart_tx_rx -c uart_tx_rx
Info (11104): Parallel Compilation has detected 8 hyper-threaded processors. However, the extra hyper-threaded processors will not be used by default. Parallel Compilation will use 4 of the 4 physical processors detected instead.
Info (12021): Found 1 design units, including 1 entities, in source file baudrate.v
    Info (12023): Found entity 1: baudrate
Info (12021): Found 1 design units, including 1 entities, in source file uart_tb.v
    Info (12023): Found entity 1: uart_TB
Info (12021): Found 1 design units, including 1 entities, in source file uart.v
    Info (12023): Found entity 1: uart
Info (12021): Found 1 design units, including 1 entities, in source file transmitter.v
    Info (12023): Found entity 1: transmitter
Info (12021): Found 1 design units, including 1 entities, in source file receiver.v
    Info (12023): Found entity 1: receiver
Info (12021): Found 1 design units, including 1 entities, in source file seven_segment_decoder.v
    Info (12023): Found entity 1: seven_segment_decoder
Info (12127): Elaborating entity "uart" for the top level hierarchy
Warning (10230): Verilog HDL assignment warning at uart.v(58): truncated value with size 32 to match size of target (4)
Warning (10230): Verilog HDL assignment warning at uart.v(59): truncated value with size 32 to match size of target (4)
Warning (10230): Verilog HDL assignment warning at uart.v(60): truncated value with size 32 to match size of target (4)
Info (12128): Elaborating entity "baudrate" for hierarchy "baudrate:uart_baud"
Warning (10230): Verilog HDL assignment warning at baudrate.v(33): truncated value with size 32 to match size of target (5)
Warning (10230): Verilog HDL assignment warning at baudrate.v(42): truncated value with size 32 to match size of target (9)
Info (12128): Elaborating entity "transmitter" for hierarchy "transmitter:uart_Tx"
Warning (10230): Verilog HDL assignment warning at transmitter.v(50): truncated value with size 32 to match size of target (3)
Info (12128): Elaborating entity "receiver" for hierarchy "receiver:uart_Rx"
Warning (10230): Verilog HDL assignment warning at receiver.v(42): truncated value with size 32 to match size of target (4)
Warning (10230): Verilog HDL assignment warning at receiver.v(51): truncated value with size 32 to match size of target (4)
Warning (10230): Verilog HDL assignment warning at receiver.v(54): truncated value with size 32 to match size of target (4)
Warning (10230): Verilog HDL assignment warning at receiver.v(66): truncated value with size 32 to match size of target (4)
Info (12128): Elaborating entity "seven_segment_decoder" for hierarchy "seven_segment_decoder:ssd_hundreds"
Info (278001): Inferred 4 megafunctions from design logic
    Info (278004): Inferred divider/modulo megafunction ("lpm_divide") from the following logic: "Div0"
    Info (278004): Inferred divider/modulo megafunction ("lpm_divide") from the following logic: "Mod0"
    Info (278004): Inferred divider/modulo megafunction ("lpm_divide") from the following logic: "Div1"
    Info (278004): Inferred divider/modulo megafunction ("lpm_divide") from the following logic: "Mod1"
Info (12130): Elaborated megafunction instantiation "lpm_divide:Div0"
Info (12133): Instantiated megafunction "lpm_divide:Div0" with the following parameter:
    Info (12134): Parameter "LPM_WIDTHN" = "8"
    Info (12134): Parameter "LPM_WIDTHD" = "7"
    Info (12134): Parameter "LPM_NREPRESENTATION" = "UNSIGNED"
    Info (12134): Parameter "LPM_DREPRESENTATION" = "UNSIGNED"
Info (12021): Found 1 design units, including 1 entities, in source file db/lpm_divide_mhm.tdf
    Info (12023): Found entity 1: lpm_divide_mhm
Info (12021): Found 1 design units, including 1 entities, in source file db/sign_div_unsign_ekh.tdf
    Info (12023): Found entity 1: sign_div_unsign_ekh
Info (12021): Found 1 design units, including 1 entities, in source file db/alt_u_div_g4f.tdf
    Info (12023): Found entity 1: alt_u_div_g4f
Info (12021): Found 1 design units, including 1 entities, in source file db/add_sub_7pc.tdf
    Info (12023): Found entity 1: add_sub_7pc
Info (12021): Found 1 design units, including 1 entities, in source file db/add_sub_8pc.tdf
    Info (12023): Found entity 1: add_sub_8pc
Info (12130): Elaborated megafunction instantiation "lpm_divide:Mod0"
Info (12133): Instantiated megafunction "lpm_divide:Mod0" with the following parameter:
    Info (12134): Parameter "LPM_WIDTHN" = "8"
    Info (12134): Parameter "LPM_WIDTHD" = "7"
    Info (12134): Parameter "LPM_NREPRESENTATION" = "UNSIGNED"
    Info (12134): Parameter "LPM_DREPRESENTATION" = "UNSIGNED"
Info (12021): Found 1 design units, including 1 entities, in source file db/lpm_divide_p9m.tdf
    Info (12023): Found entity 1: lpm_divide_p9m
Info (12130): Elaborated megafunction instantiation "lpm_divide:Div1"
Info (12133): Instantiated megafunction "lpm_divide:Div1" with the following parameter:
    Info (12134): Parameter "LPM_WIDTHN" = "7"
    Info (12134): Parameter "LPM_WIDTHD" = "4"
    Info (12134): Parameter "LPM_NREPRESENTATION" = "UNSIGNED"
    Info (12134): Parameter "LPM_DREPRESENTATION" = "UNSIGNED"
Info (12021): Found 1 design units, including 1 entities, in source file db/lpm_divide_ihm.tdf
    Info (12023): Found entity 1: lpm_divide_ihm
Info (12021): Found 1 design units, including 1 entities, in source file db/sign_div_unsign_akh.tdf
    Info (12023): Found entity 1: sign_div_unsign_akh
Info (12021): Found 1 design units, including 1 entities, in source file db/alt_u_div_84f.tdf
    Info (12023): Found entity 1: alt_u_div_84f
Info (12130): Elaborated megafunction instantiation "lpm_divide:Mod1"
Info (12133): Instantiated megafunction "lpm_divide:Mod1" with the following parameter:
    Info (12134): Parameter "LPM_WIDTHN" = "8"
    Info (12134): Parameter "LPM_WIDTHD" = "4"
    Info (12134): Parameter "LPM_NREPRESENTATION" = "UNSIGNED"
    Info (12134): Parameter "LPM_DREPRESENTATION" = "UNSIGNED"
Info (12021): Found 1 design units, including 1 entities, in source file db/lpm_divide_m9m.tdf
    Info (12023): Found entity 1: lpm_divide_m9m
Info (12021): Found 1 design units, including 1 entities, in source file db/sign_div_unsign_bkh.tdf
    Info (12023): Found entity 1: sign_div_unsign_bkh
Info (12021): Found 1 design units, including 1 entities, in source file db/alt_u_div_a4f.tdf
    Info (12023): Found entity 1: alt_u_div_a4f
Warning (13024): Output pins are stuck at VCC or GND
    Warning (13410): Pin "seg_hundreds[1]" is stuck at VCC
Info (286030): Timing-Driven Synthesis is running
Info (17049): 2 registers lost all their fanouts during netlist optimizations.
Info (16010): Generating hard_block partition "hard_block:auto_generated_inst"
    Info (16011): Adding 0 node(s), including 0 DDIO, 0 PLL, 0 transceiver and 0 LCELL
Warning (21074): Design contains 1 input pin(s) that do not drive logic
    Warning (15610): No output dependent on input pin "clear"
Info (21057): Implemented 360 device resources after synthesis - the final resource count might be different
    Info (21058): Implemented 14 input pins
    Info (21059): Implemented 41 output pins
    Info (21061): Implemented 305 logic cells
Info: Quartus II 64-Bit Analysis & Synthesis was successful. 0 errors, 14 warnings
    Info: Peak virtual memory: 4661 megabytes
    Info: Processing ended: Fri Jun 14 22:09:15 2024
    Info: Elapsed time: 00:00:02
    Info: Total CPU time (on all processors): 00:00:01


